<?xml version="1.0" encoding="UTF-8"?>
<testng-results ignored="0" total="1" passed="1" failed="0" skipped="0">
  <reporter-output>
  </reporter-output>
  <suite started-at="2023-03-06T18:04:28 IST" name="Surefire suite" finished-at="2023-03-06T18:04:36 IST" duration-ms="7964">
    <groups>
      <group name="cucumber">
        <method signature="AbstractTestNGCucumberTests.runScenario(io.cucumber.testng.PickleWrapper,io.cucumber.testng.FeatureWrapper)[pri:0, instance:orangeHRM.CucumberOptions.TestNGRunner@5276e6b0]" name="runScenario" class="io.cucumber.testng.AbstractTestNGCucumberTests"/>
      </group> <!-- cucumber -->
    </groups>
    <test started-at="2023-03-06T18:04:28 IST" name="Surefire test" finished-at="2023-03-06T18:04:36 IST" duration-ms="7964">
      <class name="orangeHRM.CucumberOptions.TestNGRunner">
        <test-method is-config="true" signature="setUpClass(org.testng.ITestContext)[pri:0, instance:orangeHRM.CucumberOptions.TestNGRunner@5276e6b0]" started-at="2023-03-06T18:04:28 IST" name="setUpClass" finished-at="2023-03-06T18:04:28 IST" duration-ms="410" status="PASS">
          <params>
            <param index="0">
              <value>
                <![CDATA[org.testng.TestRunner@5305c37d]]>
              </value>
            </param>
          </params>
          <reporter-output>
          </reporter-output>
        </test-method> <!-- setUpClass -->
        <test-method signature="runScenario(io.cucumber.testng.PickleWrapper,io.cucumber.testng.FeatureWrapper)[pri:0, instance:orangeHRM.CucumberOptions.TestNGRunner@5276e6b0]" started-at="2023-03-06T18:04:28 IST" name="runScenario" description="Runs Cucumber Scenarios" data-provider="scenarios" finished-at="2023-03-06T18:04:35 IST" duration-ms="7219" status="PASS">
          <params>
            <param index="0">
              <value>
                <![CDATA["S4TC6 | Verify Admin is able to search user by username"]]>
              </value>
            </param>
            <param index="1">
              <value>
                <![CDATA["F3 | Admin should be able to manage user from admin/user managemet panal"]]>
              </value>
            </param>
          </params>
          <reporter-output>
          </reporter-output>
        </test-method> <!-- runScenario -->
        <test-method is-config="true" signature="tearDownClass()[pri:0, instance:orangeHRM.CucumberOptions.TestNGRunner@5276e6b0]" started-at="2023-03-06T18:04:35 IST" name="tearDownClass" finished-at="2023-03-06T18:04:36 IST" duration-ms="302" status="PASS">
          <reporter-output>
          </reporter-output>
        </test-method> <!-- tearDownClass -->
      </class> <!-- orangeHRM.CucumberOptions.TestNGRunner -->
    </test> <!-- Surefire test -->
  </suite> <!-- Surefire suite -->
</testng-results>
