<?xml version="1.0" encoding="UTF-8"?>
<testng-results ignored="0" total="1" passed="1" failed="0" skipped="0">
  <reporter-output>
  </reporter-output>
  <suite started-at="2023-02-27T14:39:35 IST" name="Command line suite" finished-at="2023-02-27T14:40:01 IST" duration-ms="26180">
    <groups>
      <group name="cucumber">
        <method signature="AbstractTestNGCucumberTests.runScenario(io.cucumber.testng.PickleWrapper,io.cucumber.testng.FeatureWrapper)[pri:0, instance:orangeHRM.CucumberOptions.TestNGRunner@48fa0f47]" name="runScenario" class="io.cucumber.testng.AbstractTestNGCucumberTests"/>
      </group> <!-- cucumber -->
    </groups>
    <test started-at="2023-02-27T14:39:35 IST" name="Command line test" finished-at="2023-02-27T14:40:01 IST" duration-ms="26180">
      <class name="orangeHRM.CucumberOptions.TestNGRunner">
        <test-method is-config="true" signature="setUpClass(org.testng.ITestContext)[pri:0, instance:orangeHRM.CucumberOptions.TestNGRunner@48fa0f47]" started-at="2023-02-27T14:39:35 IST" name="setUpClass" finished-at="2023-02-27T14:39:36 IST" duration-ms="1237" status="PASS">
          <params>
            <param index="0">
              <value>
                <![CDATA[org.testng.TestRunner@6e0ff644]]>
              </value>
            </param>
          </params>
          <reporter-output>
          </reporter-output>
        </test-method> <!-- setUpClass -->
        <test-method signature="runScenario(io.cucumber.testng.PickleWrapper,io.cucumber.testng.FeatureWrapper)[pri:0, instance:orangeHRM.CucumberOptions.TestNGRunner@48fa0f47]" started-at="2023-02-27T14:39:36 IST" name="runScenario" description="Runs Cucumber Scenarios" data-provider="scenarios" finished-at="2023-02-27T14:39:59 IST" duration-ms="22995" status="PASS">
          <params>
            <param index="0">
              <value>
                <![CDATA["S1TC1 | User should be able to login Successfully with correct credentials"]]>
              </value>
            </param>
            <param index="1">
              <value>
                <![CDATA["F1 | Login Functionality"]]>
              </value>
            </param>
          </params>
          <reporter-output>
          </reporter-output>
        </test-method> <!-- runScenario -->
        <test-method is-config="true" signature="tearDownClass()[pri:0, instance:orangeHRM.CucumberOptions.TestNGRunner@48fa0f47]" started-at="2023-02-27T14:39:59 IST" name="tearDownClass" finished-at="2023-02-27T14:40:01 IST" duration-ms="1825" status="PASS">
          <reporter-output>
          </reporter-output>
        </test-method> <!-- tearDownClass -->
      </class> <!-- orangeHRM.CucumberOptions.TestNGRunner -->
    </test> <!-- Command line test -->
  </suite> <!-- Command line suite -->
</testng-results>
